<?xml version="1.0" encoding="UTF-8"?>
<!-- Generated by org.testng.reporters.JUnitXMLReporter -->
<testsuite ignored="0" hostname="LAPTOP-APJKL0KM" failures="0" tests="2" name="Error Validations Test" time="17.14" errors="0" timestamp="2025-02-19T19:06:11 CST">
  <testcase classname="rahulshettyacademy.tests.ErrorValidationsTest" name="LoginErrorValidation" time="4.638"/>
  <testcase classname="rahulshettyacademy.tests.ErrorValidationsTest" name="ProductErrorValidation" time="2.96"/>
</testsuite> <!-- Error Validations Test -->
